<?xml version="1.0" encoding="UTF-8" ?>
<testsuite errors="0" failures="0" hostname="Laptop-Ninja" name="learningspring.service.SimpleProductManagerTests" skipped="0" tests="5" time="0.079" timestamp="2015-11-08T02:13:32">
  <properties>
[...]
</properties>
  <testcase classname="learningspring.service.SimpleProductManagerTests" name="testIncreasePriceWithNullListOfProducts" time="0.001" />
  <testcase classname="learningspring.service.SimpleProductManagerTests" name="testGetProducts" time="0.0" />
  <testcase classname="learningspring.service.SimpleProductManagerTests" name="testIncreasePriceWithEmptyListOfProducts" time="0.001" />
  <testcase classname="learningspring.service.SimpleProductManagerTests" name="testGetProductsWithNoProducts" time="0.0" />
  <testcase classname="learningspring.service.SimpleProductManagerTests" name="testIncreasePriceWithPositivePercentage" time="0.0" />
  <system-out><![CDATA[]]></system-out>
  <system-err><![CDATA[]]></system-err>
</testsuite>
